<?xml version="1.0" encoding="UTF-8"?>
<!-- Generated by org.testng.reporters.JUnitReportReporter -->
<testsuite hostname="ADMINMI-S090LQ8" failures="0" tests="9" name="newpackage.KmartTestNG" time="240.520" errors="0" timestamp="2020-06-10T21:06:29 AEST" skipped="0">
  <testcase classname="newpackage.KmartTestNG" name="tryToCreateNewAccountWithRegisteredEmail" time="37.124"/>
  <system-out>
Starting test=> tryToCreateNewAccountWithRegisteredEmail Ending test  => tryToCreateNewAccountWithRegisteredEmail  </system-out>
  <testcase classname="newpackage.KmartTestNG" name="signInToNewAccount" time="10.699"/>
  <system-out>
Starting test=> signInToNewAccount Ending test  => signInToNewAccount  </system-out>
  <testcase classname="newpackage.KmartTestNG" name="testingRandomCategories" time="18.405"/>
  <system-out>
Starting test => testingRandomCategories Selected main category: //a[@id='level1a_women'] Final selected option: View all Womens Dresses Expected Title: View all Womens Dresses
Actual Title: Women's dresses Ending test   => testingRandomCategories  </system-out>
  <testcase classname="newpackage.KmartTestNG" name="Test_Scroll_Window" time="10.573"/>
  <system-out>
Starting test=> Test_Scroll_Window Ending test  => Test_Scroll_Window  </system-out>
  <testcase classname="newpackage.KmartTestNG" name="selectFromCategoryAndCheckPrice" time="16.862"/>
  <system-out>
Starting test=> selectFromCategoryAndCheckPrice Ending test  => selectFromCategoryAndCheckPrice  </system-out>
  <testcase classname="newpackage.KmartTestNG" name="findStoreLocationAndPhoneNumber" time="13.133"/>
  <system-out>
Starting test=> findStoreLocationAndPhoneNumber Ending test  => findStoreLocationAndPhoneNumber  </system-out>
  <testcase classname="newpackage.KmartTestNG" name="Filter" time="93.315"/>
  <system-out>
Starting test=> Filter Ending test  => Filter  </system-out>
  <testcase classname="newpackage.KmartTestNG" name="testingTheWebsiteLinkToSpecificCategory" time="9.482"/>
  <system-out>
You are at Computer & Laptop Accessories | Kmart webpage  </system-out>
  <testcase classname="newpackage.KmartTestNG" name="searchingForProductAndAddItToCart" time="30.927"/>
  <system-out>
Starting test=> searchingForProductAndAddItToCart Ending test  => searchingForProductAndAddItToCart  </system-out>
</testsuite> <!-- newpackage.KmartTestNG -->
